<?xml version="1.0" encoding="UTF-8"?>
<!-- Generated by org.testng.reporters.JUnitReportReporter -->
<testsuite hostname="DESKTOP-1N0VLJU" failures="0" tests="2" name="MyTestCase" time="0.613" errors="0" timestamp="2024-10-20T17:12:23 EET" skipped="0">
  <testcase classname="MyTestCase" name="logIn" time="0.345"/>
  <system-out/>
  <testcase classname="MyTestCase" name="addToCart" time="0.268"/>
  <system-out/>
</testsuite> <!-- MyTestCase -->
